<?xml version="1.0" encoding="UTF-8"?>
<!-- Generated by org.testng.reporters.JUnitXMLReporter -->
<testsuite ignored="0" hostname="DESKTOP-DAL8TCK" failures="0" tests="11" name="EdgeTest" time="9.224" errors="0" timestamp="2025-08-23T19:28:59 IST">
  <testcase classname="com.SwagLab.UITest.TestCases.T2_InventoryTest" name="verifyProductCount" time="0.027"/>
  <testcase classname="com.SwagLab.UITest.TestCases.T3_CartTest" name="verifyTotalProductsInCart" time="0.033"/>
  <testcase classname="com.SwagLab.UITest.TestCases.T1_LoginTest" name="verifyUrl" time="0.406"/>
  <testcase classname="com.SwagLab.UITest.TestCases.T3_CartTest" name="validateRemoveProduct" time="0.068"/>
  <testcase classname="com.SwagLab.UITest.TestCases.T2_InventoryTest" name="verifyProductDetails" time="0.055"/>
  <testcase classname="com.SwagLab.UITest.TestCases.T1_LoginTest" name="verifyTitle" time="0.005"/>
  <testcase classname="com.SwagLab.UITest.TestCases.T2_InventoryTest" name="validateAddToCart" time="0.123"/>
  <testcase classname="com.SwagLab.UITest.TestCases.T3_CartTest" name="validateContinueShopping" time="0.229"/>
  <testcase classname="com.SwagLab.UITest.TestCases.T1_LoginTest" name="validateLoginFunctionality" time="0.726"/>
  <testcase classname="com.SwagLab.UITest.TestCases.T3_CartTest" name="validateContinueCheckOut" time="0.056"/>
  <testcase classname="com.SwagLab.UITest.TestCases.T2_InventoryTest" name="verifyCartPageLaunch" time="0.048"/>
</testsuite> <!-- EdgeTest -->
