<?xml version="1.0" encoding="UTF-8"?>
<!-- Generated by org.testng.reporters.JUnitXMLReporter -->
<testsuite ignored="0" hostname="DESKTOP-DAL8TCK" failures="0" tests="11" name="FirefoxTest" time="18.367" errors="0" timestamp="2025-08-23T19:29:08 IST">
  <testcase classname="com.SwagLab.UITest.TestCases.T2_InventoryTest" name="verifyProductCount" time="0.008"/>
  <testcase classname="com.SwagLab.UITest.TestCases.T3_CartTest" name="verifyTotalProductsInCart" time="0.01"/>
  <testcase classname="com.SwagLab.UITest.TestCases.T1_LoginTest" name="verifyUrl" time="0.0">
    <skipped/>
  </testcase> <!-- verifyUrl -->
  <testcase classname="com.SwagLab.UITest.TestCases.T3_CartTest" name="validateRemoveProduct" time="0.082"/>
  <testcase classname="com.SwagLab.UITest.TestCases.T2_InventoryTest" name="verifyProductDetails" time="0.046"/>
  <testcase classname="com.SwagLab.UITest.TestCases.T1_LoginTest" name="verifyTitle" time="0.0">
    <skipped/>
  </testcase> <!-- verifyTitle -->
  <testcase classname="com.SwagLab.UITest.TestCases.T2_InventoryTest" name="validateAddToCart" time="0.163"/>
  <testcase classname="com.SwagLab.UITest.TestCases.T3_CartTest" name="validateContinueShopping" time="0.403"/>
  <testcase classname="com.SwagLab.UITest.TestCases.T1_LoginTest" name="validateLoginFunctionality" time="0.0">
    <skipped/>
  </testcase> <!-- validateLoginFunctionality -->
  <testcase classname="com.SwagLab.UITest.TestCases.T3_CartTest" name="validateContinueCheckOut" time="0.087"/>
  <testcase classname="com.SwagLab.UITest.TestCases.T2_InventoryTest" name="verifyCartPageLaunch" time="0.068"/>
</testsuite> <!-- FirefoxTest -->
