<?xml version="1.0" encoding="UTF-8"?>
<!-- Generated by org.testng.reporters.JUnitXMLReporter -->
<testsuite ignored="0" hostname="DESKTOP-DAL8TCK" failures="0" tests="4" name="Test" time="10.373" errors="0" timestamp="2025-08-26T10:09:37 IST">
  <testcase classname="com.SwagLab.UITest.TestCases.T3_CartTest" name="verifyTotalProductsInCart" time="0.022"/>
  <testcase classname="com.SwagLab.UITest.TestCases.T3_CartTest" name="validateRemoveProduct" time="0.042"/>
  <testcase classname="com.SwagLab.UITest.TestCases.T3_CartTest" name="validateContinueShopping" time="0.148"/>
  <testcase classname="com.SwagLab.UITest.TestCases.T3_CartTest" name="validateContinueCheckOut" time="0.044"/>
</testsuite> <!-- Test -->
