<?xml version="1.0" encoding="UTF-8"?>
<testsuite xmlns:xsi="http://www.w3.org/2001/XMLSchema-instance" xsi:noNamespaceSchemaLocation="https://maven.apache.org/surefire/maven-surefire-plugin/xsd/surefire-test-report.xsd" version="3.0.2" name="TestSuite" time="38.997" tests="14" errors="0" skipped="0" failures="0">
  <properties>
[...]
</properties>
  <testcase name="verifyUrl" classname="com.SwagLab.UITest.TestCases.T1_LoginTest" time="0.008">
    <system-out><![CDATA[URL Matched!
]]></system-out>
    <system-err><![CDATA[SLF4J(W): No SLF4J providers were found.
SLF4J(W): Defaulting to no-operation (NOP) logger implementation
SLF4J(W): See https://www.slf4j.org/codes.html#noProviders for further details.
]]></system-err>
  </testcase>
  <testcase name="verifyTitle" classname="com.SwagLab.UITest.TestCases.T1_LoginTest" time="0.005">
    <system-out><![CDATA[Title matched!
]]></system-out>
  </testcase>
  <testcase name="validateLoginFunctionality" classname="com.SwagLab.UITest.TestCases.T1_LoginTest" time="0.592">
    <system-out><![CDATA[2025-08-26T06:00:06.562048200Z main ERROR Log4j API could not find a logging provider.
Login Completed!
]]></system-out>
  </testcase>
  <testcase name="verifyProductCount" classname="com.SwagLab.UITest.TestCases.T2_InventoryTest" time="0.011">
    <system-out><![CDATA[Total Product count is matched: 6
]]></system-out>
  </testcase>
  <testcase name="verifyProductDetails" classname="com.SwagLab.UITest.TestCases.T2_InventoryTest" time="0.042">
    <system-out><![CDATA[***Product details are***
Sauce Labs Backpack
Sauce Labs Bike Light
Sauce Labs Bolt T-Shirt
Sauce Labs Fleece Jacket
Sauce Labs Onesie
Test.allTheThings() T-Shirt (Red)
]]></system-out>
  </testcase>
  <testcase name="validateAddToCart" classname="com.SwagLab.UITest.TestCases.T2_InventoryTest" time="0.093">
    <system-out><![CDATA[Product found: Sauce Labs Bike Light
]]></system-out>
  </testcase>
  <testcase name="verifyCartPageLaunch" classname="com.SwagLab.UITest.TestCases.T2_InventoryTest" time="0.04"/>
  <testcase name="verifyTotalProductsInCart" classname="com.SwagLab.UITest.TestCases.T3_CartTest" time="0.018">
    <system-out><![CDATA[Product found: Sauce Labs Bike Light
Total Products added into Cart: 1
Sauce Labs Bike Light
]]></system-out>
  </testcase>
  <testcase name="validateRemoveProduct" classname="com.SwagLab.UITest.TestCases.T3_CartTest" time="0.04"/>
  <testcase name="validateContinueShopping" classname="com.SwagLab.UITest.TestCases.T3_CartTest" time="0.144">
    <system-out><![CDATA[Product found: Sauce Labs Backpack
]]></system-out>
  </testcase>
  <testcase name="validateContinueCheckOut" classname="com.SwagLab.UITest.TestCases.T3_CartTest" time="0.038"/>
  <testcase name="validateCheckout" classname="com.SwagLab.UITest.TestCases.T4_CheckoutTest" time="1.222">
    <system-out><![CDATA[Product found: Sauce Labs Backpack
First name : Darshan, lastname is: T S, postal code is: "560001"
]]></system-out>
  </testcase>
  <testcase name="verifyPayment" classname="com.SwagLab.UITest.TestCases.T5_OverviewTest" time="0.043">
    <system-out><![CDATA[Product found: Sauce Labs Backpack
First name : Darshan, lastname is: T S, postal code is: "560001"
----payment details are-----
Payment Information:
SauceCard #31337
Shipping Information:
Free Pony Express Delivery!
Price Total
Item total: $29.99
Tax: $2.40
Total: $32.39
]]></system-out>
  </testcase>
  <testcase name="validateChekout" classname="com.SwagLab.UITest.TestCases.T5_OverviewTest" time="0.052">
    <system-out><![CDATA[Process Completed!
]]></system-out>
  </testcase>
</testsuite>