<?xml version="1.0" encoding="UTF-8"?>
<testng-results ignored="0" total="7" passed="7" failed="0" skipped="0">
  <reporter-output>
  </reporter-output>
  <suite started-at="2025-08-21T10:40:21 IST" name="Suite" finished-at="2025-08-21T10:40:23 IST" duration-ms="2040">
    <groups>
    </groups>
    <test started-at="2025-08-21T10:40:21 IST" name="LoginTest" finished-at="2025-08-21T10:40:23 IST" duration-ms="1845">
      <class name="com.SwagLab.UITest.TestCases.T1_LoginTest">
        <test-method is-config="true" signature="setUp()[pri:0, instance:com.SwagLab.UITest.TestCases.T1_LoginTest@5386659f]" started-at="2025-08-21T10:40:21 IST" name="setUp" finished-at="2025-08-21T10:40:23 IST" duration-ms="1606" status="PASS">
          <reporter-output>
          </reporter-output>
        </test-method> <!-- setUp -->
        <test-method signature="verifyUrl()[pri:1, instance:com.SwagLab.UITest.TestCases.T1_LoginTest@5386659f]" started-at="2025-08-21T10:40:23 IST" name="verifyUrl" finished-at="2025-08-21T10:40:23 IST" duration-ms="12" status="PASS">
          <reporter-output>
          </reporter-output>
        </test-method> <!-- verifyUrl -->
        <test-method signature="verifyTitle()[pri:2, instance:com.SwagLab.UITest.TestCases.T1_LoginTest@5386659f]" started-at="2025-08-21T10:40:23 IST" name="verifyTitle" finished-at="2025-08-21T10:40:23 IST" duration-ms="7" status="PASS">
          <reporter-output>
          </reporter-output>
        </test-method> <!-- verifyTitle -->
        <test-method signature="validateLoginFunctionality()[pri:3, instance:com.SwagLab.UITest.TestCases.T1_LoginTest@5386659f]" started-at="2025-08-21T10:40:23 IST" name="validateLoginFunctionality" finished-at="2025-08-21T10:40:23 IST" duration-ms="191" status="PASS">
          <reporter-output>
          </reporter-output>
        </test-method> <!-- validateLoginFunctionality -->
      </class> <!-- com.SwagLab.UITest.TestCases.T1_LoginTest -->
    </test> <!-- LoginTest -->
    <test started-at="2025-08-21T10:40:21 IST" name="InventoryTest" finished-at="2025-08-21T10:40:23 IST" duration-ms="2040">
      <class name="com.SwagLab.UITest.TestCases.T2_InventoryTest">
        <test-method is-config="true" signature="setUp()[pri:0, instance:com.SwagLab.UITest.TestCases.T2_InventoryTest@7bd7d6d6]" started-at="2025-08-21T10:40:21 IST" name="setUp" finished-at="2025-08-21T10:40:23 IST" duration-ms="1606" status="PASS">
          <reporter-output>
          </reporter-output>
        </test-method> <!-- setUp -->
        <test-method is-config="true" signature="pageSetup()[pri:0, instance:com.SwagLab.UITest.TestCases.T2_InventoryTest@7bd7d6d6]" started-at="2025-08-21T10:40:23 IST" name="pageSetup" finished-at="2025-08-21T10:40:23 IST" duration-ms="198" status="PASS">
          <reporter-output>
          </reporter-output>
        </test-method> <!-- pageSetup -->
        <test-method signature="verifyProductCount()[pri:1, instance:com.SwagLab.UITest.TestCases.T2_InventoryTest@7bd7d6d6]" started-at="2025-08-21T10:40:23 IST" name="verifyProductCount" finished-at="2025-08-21T10:40:23 IST" duration-ms="12" status="PASS">
          <reporter-output>
          </reporter-output>
        </test-method> <!-- verifyProductCount -->
        <test-method signature="verifyProductDetails()[pri:2, instance:com.SwagLab.UITest.TestCases.T2_InventoryTest@7bd7d6d6]" started-at="2025-08-21T10:40:23 IST" name="verifyProductDetails" finished-at="2025-08-21T10:40:23 IST" duration-ms="55" status="PASS">
          <reporter-output>
          </reporter-output>
        </test-method> <!-- verifyProductDetails -->
        <test-method signature="validateAddToCart()[pri:3, instance:com.SwagLab.UITest.TestCases.T2_InventoryTest@7bd7d6d6]" started-at="2025-08-21T10:40:23 IST" name="validateAddToCart" finished-at="2025-08-21T10:40:23 IST" duration-ms="103" status="PASS">
          <reporter-output>
          </reporter-output>
        </test-method> <!-- validateAddToCart -->
        <test-method signature="verifyCartPageLaunch()[pri:4, instance:com.SwagLab.UITest.TestCases.T2_InventoryTest@7bd7d6d6]" started-at="2025-08-21T10:40:23 IST" name="verifyCartPageLaunch" finished-at="2025-08-21T10:40:23 IST" duration-ms="47" status="PASS">
          <reporter-output>
          </reporter-output>
        </test-method> <!-- verifyCartPageLaunch -->
      </class> <!-- com.SwagLab.UITest.TestCases.T2_InventoryTest -->
    </test> <!-- InventoryTest -->
  </suite> <!-- Suite -->
</testng-results>
