<?xml version="1.0" encoding="UTF-8"?>
<testng-results ignored="0" total="11" passed="11" failed="0" skipped="0">
  <reporter-output>
  </reporter-output>
  <suite started-at="2025-08-22T20:20:05 IST" name="Suite" finished-at="2025-08-22T20:20:11 IST" duration-ms="5708">
    <groups>
    </groups>
    <test started-at="2025-08-22T20:20:05 IST" name="LoginTest" finished-at="2025-08-22T20:20:11 IST" duration-ms="5708">
      <class name="com.SwagLab.UITest.TestCases.T1_LoginTest">
        <test-method is-config="true" signature="setUp(java.lang.String)[pri:0, instance:com.SwagLab.UITest.TestCases.T1_LoginTest@6440112d]" started-at="2025-08-22T20:20:05 IST" name="setUp" finished-at="2025-08-22T20:20:07 IST" duration-ms="1955" status="PASS">
          <params>
            <param index="0">
              <value>
                <![CDATA[edge]]>
              </value>
            </param>
          </params>
          <reporter-output>
          </reporter-output>
        </test-method> <!-- setUp -->
        <test-method signature="verifyUrl()[pri:1, instance:com.SwagLab.UITest.TestCases.T1_LoginTest@6440112d]" started-at="2025-08-22T20:20:07 IST" name="verifyUrl" finished-at="2025-08-22T20:20:07 IST" duration-ms="10" status="PASS">
          <reporter-output>
          </reporter-output>
        </test-method> <!-- verifyUrl -->
        <test-method signature="verifyTitle()[pri:2, instance:com.SwagLab.UITest.TestCases.T1_LoginTest@6440112d]" started-at="2025-08-22T20:20:07 IST" name="verifyTitle" finished-at="2025-08-22T20:20:07 IST" duration-ms="3" status="PASS">
          <reporter-output>
          </reporter-output>
        </test-method> <!-- verifyTitle -->
        <test-method signature="validateLoginFunctionality()[pri:3, instance:com.SwagLab.UITest.TestCases.T1_LoginTest@6440112d]" started-at="2025-08-22T20:20:07 IST" name="validateLoginFunctionality" finished-at="2025-08-22T20:20:07 IST" duration-ms="160" status="PASS">
          <reporter-output>
          </reporter-output>
        </test-method> <!-- validateLoginFunctionality -->
      </class> <!-- com.SwagLab.UITest.TestCases.T1_LoginTest -->
      <class name="com.SwagLab.UITest.TestCases.T3_CartTest">
        <test-method is-config="true" signature="setUp(java.lang.String)[pri:0, instance:com.SwagLab.UITest.TestCases.T3_CartTest@6f10d5b6]" started-at="2025-08-22T20:20:09 IST" name="setUp" finished-at="2025-08-22T20:20:10 IST" duration-ms="1287" status="PASS">
          <params>
            <param index="0">
              <value>
                <![CDATA[edge]]>
              </value>
            </param>
          </params>
          <reporter-output>
          </reporter-output>
        </test-method> <!-- setUp -->
        <test-method is-config="true" signature="pageSet()[pri:0, instance:com.SwagLab.UITest.TestCases.T3_CartTest@6f10d5b6]" started-at="2025-08-22T20:20:10 IST" name="pageSet" finished-at="2025-08-22T20:20:11 IST" duration-ms="379" status="PASS">
          <reporter-output>
          </reporter-output>
        </test-method> <!-- pageSet -->
        <test-method signature="verifyTotalProductsInCart()[pri:1, instance:com.SwagLab.UITest.TestCases.T3_CartTest@6f10d5b6]" started-at="2025-08-22T20:20:11 IST" name="verifyTotalProductsInCart" finished-at="2025-08-22T20:20:11 IST" duration-ms="21" status="PASS">
          <reporter-output>
          </reporter-output>
        </test-method> <!-- verifyTotalProductsInCart -->
        <test-method signature="validateRemoveProduct()[pri:2, instance:com.SwagLab.UITest.TestCases.T3_CartTest@6f10d5b6]" started-at="2025-08-22T20:20:11 IST" name="validateRemoveProduct" finished-at="2025-08-22T20:20:11 IST" duration-ms="47" status="PASS">
          <reporter-output>
          </reporter-output>
        </test-method> <!-- validateRemoveProduct -->
        <test-method signature="validateContinueShopping()[pri:3, instance:com.SwagLab.UITest.TestCases.T3_CartTest@6f10d5b6]" started-at="2025-08-22T20:20:11 IST" name="validateContinueShopping" finished-at="2025-08-22T20:20:11 IST" duration-ms="173" status="PASS">
          <reporter-output>
          </reporter-output>
        </test-method> <!-- validateContinueShopping -->
        <test-method signature="validateContinueCheckOut()[pri:4, instance:com.SwagLab.UITest.TestCases.T3_CartTest@6f10d5b6]" started-at="2025-08-22T20:20:11 IST" name="validateContinueCheckOut" finished-at="2025-08-22T20:20:11 IST" duration-ms="42" status="PASS">
          <reporter-output>
          </reporter-output>
        </test-method> <!-- validateContinueCheckOut -->
      </class> <!-- com.SwagLab.UITest.TestCases.T3_CartTest -->
      <class name="com.SwagLab.UITest.TestCases.T2_InventoryTest">
        <test-method is-config="true" signature="setUp(java.lang.String)[pri:0, instance:com.SwagLab.UITest.TestCases.T2_InventoryTest@61c4eee0]" started-at="2025-08-22T20:20:07 IST" name="setUp" finished-at="2025-08-22T20:20:09 IST" duration-ms="1245" status="PASS">
          <params>
            <param index="0">
              <value>
                <![CDATA[edge]]>
              </value>
            </param>
          </params>
          <reporter-output>
          </reporter-output>
        </test-method> <!-- setUp -->
        <test-method is-config="true" signature="pageSetup()[pri:0, instance:com.SwagLab.UITest.TestCases.T2_InventoryTest@61c4eee0]" started-at="2025-08-22T20:20:09 IST" name="pageSetup" finished-at="2025-08-22T20:20:09 IST" duration-ms="151" status="PASS">
          <reporter-output>
          </reporter-output>
        </test-method> <!-- pageSetup -->
        <test-method signature="verifyProductCount()[pri:1, instance:com.SwagLab.UITest.TestCases.T2_InventoryTest@61c4eee0]" started-at="2025-08-22T20:20:09 IST" name="verifyProductCount" finished-at="2025-08-22T20:20:09 IST" duration-ms="11" status="PASS">
          <reporter-output>
          </reporter-output>
        </test-method> <!-- verifyProductCount -->
        <test-method signature="verifyProductDetails()[pri:2, instance:com.SwagLab.UITest.TestCases.T2_InventoryTest@61c4eee0]" started-at="2025-08-22T20:20:09 IST" name="verifyProductDetails" finished-at="2025-08-22T20:20:09 IST" duration-ms="47" status="PASS">
          <reporter-output>
          </reporter-output>
        </test-method> <!-- verifyProductDetails -->
        <test-method signature="validateAddToCart()[pri:3, instance:com.SwagLab.UITest.TestCases.T2_InventoryTest@61c4eee0]" started-at="2025-08-22T20:20:09 IST" name="validateAddToCart" finished-at="2025-08-22T20:20:09 IST" duration-ms="98" status="PASS">
          <reporter-output>
          </reporter-output>
        </test-method> <!-- validateAddToCart -->
        <test-method signature="verifyCartPageLaunch()[pri:4, instance:com.SwagLab.UITest.TestCases.T2_InventoryTest@61c4eee0]" started-at="2025-08-22T20:20:09 IST" name="verifyCartPageLaunch" finished-at="2025-08-22T20:20:09 IST" duration-ms="43" status="PASS">
          <reporter-output>
          </reporter-output>
        </test-method> <!-- verifyCartPageLaunch -->
      </class> <!-- com.SwagLab.UITest.TestCases.T2_InventoryTest -->
    </test> <!-- LoginTest -->
  </suite> <!-- Suite -->
</testng-results>
